2025-02-19 21:02:59.584 [info] [main] Log level: Info
2025-02-19 21:02:59.584 [info] [main] Validating found git in: "git"
2025-02-19 21:02:59.836 [info] [main] Using git "2.43.0" from "git"
2025-02-19 21:02:59.836 [info] [Model][doInitialScan] Initial repository scan started
2025-02-19 21:03:00.482 [info] > git rev-parse --show-toplevel [186ms]
2025-02-19 21:03:00.482 [info] fatal: not a git repository (or any of the parent directories): .git
2025-02-19 21:03:00.491 [info] > git rev-parse --show-toplevel [3ms]
2025-02-19 21:03:00.491 [info] fatal: not a git repository (or any of the parent directories): .git
2025-02-19 21:03:00.510 [info] > git rev-parse --show-toplevel [2ms]
2025-02-19 21:03:00.510 [info] fatal: not a git repository (or any of the parent directories): .git
2025-02-19 21:03:00.526 [info] > git rev-parse --show-toplevel [2ms]
2025-02-19 21:03:00.526 [info] fatal: not a git repository (or any of the parent directories): .git
2025-02-19 21:03:00.541 [info] > git rev-parse --show-toplevel [2ms]
2025-02-19 21:03:00.541 [info] fatal: not a git repository (or any of the parent directories): .git
2025-02-19 21:03:00.555 [info] > git rev-parse --show-toplevel [2ms]
2025-02-19 21:03:00.555 [info] fatal: not a git repository (or any of the parent directories): .git
2025-02-19 21:03:00.571 [info] > git rev-parse --show-toplevel [11ms]
2025-02-19 21:03:00.571 [info] fatal: not a git repository (or any of the parent directories): .git
2025-02-19 21:03:00.589 [info] [Model][doInitialScan] Initial repository scan completed - repositories (0), closed repositories (0), parent repositories (0), unsafe repositories (0)
2025-02-19 21:03:03.386 [info] > git rev-parse --show-toplevel [8ms]
2025-02-19 21:03:03.386 [info] fatal: not a git repository (or any of the parent directories): .git
