2025-02-22 17:40:55.851 [info] [main] Log level: Info
2025-02-22 17:40:55.851 [info] [main] Validating found git in: "git"
2025-02-22 17:40:55.851 [info] [main] Using git "2.43.0" from "git"
2025-02-22 17:40:55.851 [info] [Model][doInitialScan] Initial repository scan started
2025-02-22 17:40:55.851 [info] > git rev-parse --show-toplevel [232ms]
2025-02-22 17:40:55.851 [info] > git rev-parse --git-dir --git-common-dir [17ms]
2025-02-22 17:40:55.851 [info] [Model][openRepository] Opened repository: /home/wsj
2025-02-22 17:40:55.903 [info] > git config --get commit.template [17ms]
2025-02-22 17:40:55.970 [info] > git for-each-ref --format=%(refname)%00%(upstream:short)%00%(objectname)%00%(upstream:track)%00%(upstream:remotename)%00%(upstream:remoteref) refs/heads/main refs/remotes/main [33ms]
2025-02-22 17:40:56.041 [info] > git rev-parse --show-toplevel [73ms]
2025-02-22 17:40:56.063 [info] > git rev-parse --show-toplevel [11ms]
2025-02-22 17:40:56.114 [info] > git status -z -uall [116ms]
2025-02-22 17:40:56.117 [info] > git rev-parse --show-toplevel [18ms]
2025-02-22 17:40:56.138 [info] > git for-each-ref --sort -committerdate --format %(refname) %(objectname) %(*objectname) [123ms]
2025-02-22 17:40:56.250 [info] > git for-each-ref --format=%(refname)%00%(upstream:short)%00%(objectname)%00%(upstream:track)%00%(upstream:remotename)%00%(upstream:remoteref) refs/heads/main refs/remotes/main [34ms]
2025-02-22 17:40:56.282 [info] > git config --get --local branch.main.vscode-merge-base [26ms]
2025-02-22 17:40:56.283 [warning] [Git][config] git config failed: Failed to execute git
2025-02-22 17:40:56.288 [info] > git config --get commit.template [44ms]
2025-02-22 17:40:56.288 [info] > git rev-parse --show-toplevel [50ms]
2025-02-22 17:40:56.309 [info] > git for-each-ref --format=%(refname)%00%(upstream:short)%00%(objectname)%00%(upstream:track)%00%(upstream:remotename)%00%(upstream:remoteref) refs/heads/main refs/remotes/main [5ms]
2025-02-22 17:40:56.331 [info] > git reflog main --grep-reflog=branch: Created from *. [44ms]
2025-02-22 17:40:56.335 [info] > git rev-parse --show-toplevel [37ms]
2025-02-22 17:40:56.359 [info] > git for-each-ref --sort -committerdate --format %(refname) %(objectname) %(*objectname) [29ms]
2025-02-22 17:40:56.366 [info] > git rev-parse --show-toplevel [23ms]
2025-02-22 17:40:56.366 [info] > git symbolic-ref --short refs/remotes/origin/HEAD [31ms]
2025-02-22 17:40:56.367 [info] fatal: ref refs/remotes/origin/HEAD is not a symbolic ref
2025-02-22 17:40:56.367 [warning] [Repository][getDefaultBranch] Failed to get default branch details: Failed to execute git.
2025-02-22 17:40:56.382 [info] > git rev-parse --show-toplevel [4ms]
2025-02-22 17:40:56.388 [info] > git rev-parse --show-toplevel [2ms]
2025-02-22 17:40:56.402 [info] [Model][doInitialScan] Initial repository scan completed - repositories (1), closed repositories (0), parent repositories (0), unsafe repositories (0)
2025-02-22 17:40:56.415 [info] > git status -z -uall [100ms]
2025-02-22 17:40:56.438 [info] > git show --textconv :web.html [31ms]
2025-02-22 17:40:56.439 [info] > git ls-files --stage -- /home/wsj/web.html [27ms]
2025-02-22 17:40:56.450 [info] > git cat-file -s 5157e2b9bf70ad208f6a682524cda71029580b77 [7ms]
2025-02-22 17:40:56.479 [info] > git check-ignore -v -z --stdin [18ms]
2025-02-22 17:40:56.568 [info] > git blame --root --incremental 275c3510a3434100bb3678a3dac81a651ceca1a4 -- /home/wsj/web.html [30ms]
2025-02-22 17:41:01.339 [info] > git config --get commit.template [2ms]
2025-02-22 17:41:01.347 [info] > git for-each-ref --format=%(refname)%00%(upstream:short)%00%(objectname)%00%(upstream:track)%00%(upstream:remotename)%00%(upstream:remoteref) refs/heads/main refs/remotes/main [5ms]
2025-02-22 17:41:01.356 [info] > git for-each-ref --sort -committerdate --format %(refname) %(objectname) %(*objectname) [2ms]
2025-02-22 17:41:01.395 [info] > git status -z -uall [45ms]
2025-02-22 17:41:30.426 [info] > git config --get commit.template [4ms]
2025-02-22 17:41:30.434 [info] > git for-each-ref --format=%(refname)%00%(upstream:short)%00%(objectname)%00%(upstream:track)%00%(upstream:remotename)%00%(upstream:remoteref) refs/heads/main refs/remotes/main [3ms]
2025-02-22 17:41:30.455 [info] > git for-each-ref --sort -committerdate --format %(refname) %(objectname) %(*objectname) [4ms]
2025-02-22 17:41:30.500 [info] > git status -z -uall [61ms]
2025-02-22 17:41:35.516 [info] > git config --get commit.template [5ms]
2025-02-22 17:41:35.518 [info] > git for-each-ref --format=%(refname)%00%(upstream:short)%00%(objectname)%00%(upstream:track)%00%(upstream:remotename)%00%(upstream:remoteref) refs/heads/main refs/remotes/main [2ms]
2025-02-22 17:41:35.531 [info] > git for-each-ref --sort -committerdate --format %(refname) %(objectname) %(*objectname) [1ms]
2025-02-22 17:41:35.567 [info] > git status -z -uall [45ms]
2025-02-22 17:41:40.581 [info] > git config --get commit.template [6ms]
2025-02-22 17:41:40.582 [info] > git for-each-ref --format=%(refname)%00%(upstream:short)%00%(objectname)%00%(upstream:track)%00%(upstream:remotename)%00%(upstream:remoteref) refs/heads/main refs/remotes/main [2ms]
2025-02-22 17:41:40.593 [info] > git for-each-ref --sort -committerdate --format %(refname) %(objectname) %(*objectname) [4ms]
2025-02-22 17:41:40.626 [info] > git status -z -uall [41ms]
2025-02-22 17:41:55.468 [info] > git config --get commit.template [11ms]
2025-02-22 17:41:55.485 [info] > git for-each-ref --format=%(refname)%00%(upstream:short)%00%(objectname)%00%(upstream:track)%00%(upstream:remotename)%00%(upstream:remoteref) refs/heads/main refs/remotes/main [3ms]
2025-02-22 17:41:55.505 [info] > git for-each-ref --sort -committerdate --format %(refname) %(objectname) %(*objectname) [10ms]
2025-02-22 17:41:55.585 [info] > git status -z -uall [95ms]
2025-02-22 17:42:00.601 [info] > git config --get commit.template [5ms]
2025-02-22 17:42:00.602 [info] > git for-each-ref --format=%(refname)%00%(upstream:short)%00%(objectname)%00%(upstream:track)%00%(upstream:remotename)%00%(upstream:remoteref) refs/heads/main refs/remotes/main [2ms]
2025-02-22 17:42:00.613 [info] > git for-each-ref --sort -committerdate --format %(refname) %(objectname) %(*objectname) [4ms]
2025-02-22 17:42:00.646 [info] > git status -z -uall [42ms]
2025-02-22 17:43:22.535 [info] > git config --get commit.template [8ms]
2025-02-22 17:43:22.543 [info] > git for-each-ref --format=%(refname)%00%(upstream:short)%00%(objectname)%00%(upstream:track)%00%(upstream:remotename)%00%(upstream:remoteref) refs/heads/main refs/remotes/main [8ms]
2025-02-22 17:43:22.579 [info] > git for-each-ref --sort -committerdate --format %(refname) %(objectname) %(*objectname) [13ms]
2025-02-22 17:43:22.672 [info] > git status -z -uall [124ms]
2025-02-22 17:43:27.686 [info] > git config --get commit.template [4ms]
2025-02-22 17:43:27.694 [info] > git for-each-ref --format=%(refname)%00%(upstream:short)%00%(objectname)%00%(upstream:track)%00%(upstream:remotename)%00%(upstream:remoteref) refs/heads/main refs/remotes/main [2ms]
2025-02-22 17:43:27.712 [info] > git for-each-ref --sort -committerdate --format %(refname) %(objectname) %(*objectname) [7ms]
2025-02-22 17:43:27.760 [info] > git status -z -uall [62ms]
2025-02-22 17:43:32.777 [info] > git config --get commit.template [8ms]
2025-02-22 17:43:32.779 [info] > git for-each-ref --format=%(refname)%00%(upstream:short)%00%(objectname)%00%(upstream:track)%00%(upstream:remotename)%00%(upstream:remoteref) refs/heads/main refs/remotes/main [4ms]
2025-02-22 17:43:32.790 [info] > git for-each-ref --sort -committerdate --format %(refname) %(objectname) %(*objectname) [2ms]
2025-02-22 17:43:32.871 [info] > git status -z -uall [88ms]
2025-02-22 17:43:37.890 [info] > git config --get commit.template [7ms]
2025-02-22 17:43:37.891 [info] > git for-each-ref --format=%(refname)%00%(upstream:short)%00%(objectname)%00%(upstream:track)%00%(upstream:remotename)%00%(upstream:remoteref) refs/heads/main refs/remotes/main [5ms]
2025-02-22 17:43:37.902 [info] > git for-each-ref --sort -committerdate --format %(refname) %(objectname) %(*objectname) [3ms]
2025-02-22 17:43:37.953 [info] > git status -z -uall [58ms]
2025-02-22 17:43:43.869 [info] > git config --get commit.template [6ms]
2025-02-22 17:43:43.877 [info] > git for-each-ref --format=%(refname)%00%(upstream:short)%00%(objectname)%00%(upstream:track)%00%(upstream:remotename)%00%(upstream:remoteref) refs/heads/main refs/remotes/main [10ms]
2025-02-22 17:43:43.897 [info] > git for-each-ref --sort -committerdate --format %(refname) %(objectname) %(*objectname) [3ms]
2025-02-22 17:43:43.980 [info] > git status -z -uall [98ms]
2025-02-22 17:43:48.995 [info] > git config --get commit.template [6ms]
2025-02-22 17:43:48.996 [info] > git for-each-ref --format=%(refname)%00%(upstream:short)%00%(objectname)%00%(upstream:track)%00%(upstream:remotename)%00%(upstream:remoteref) refs/heads/main refs/remotes/main [2ms]
2025-02-22 17:43:49.006 [info] > git for-each-ref --sort -committerdate --format %(refname) %(objectname) %(*objectname) [3ms]
2025-02-22 17:43:49.038 [info] > git status -z -uall [39ms]
2025-02-22 17:43:54.054 [info] > git config --get commit.template [7ms]
2025-02-22 17:43:54.055 [info] > git for-each-ref --format=%(refname)%00%(upstream:short)%00%(objectname)%00%(upstream:track)%00%(upstream:remotename)%00%(upstream:remoteref) refs/heads/main refs/remotes/main [2ms]
2025-02-22 17:43:54.068 [info] > git for-each-ref --sort -committerdate --format %(refname) %(objectname) %(*objectname) [2ms]
2025-02-22 17:43:54.103 [info] > git status -z -uall [42ms]
2025-02-22 17:43:59.119 [info] > git config --get commit.template [5ms]
2025-02-22 17:43:59.119 [info] > git for-each-ref --format=%(refname)%00%(upstream:short)%00%(objectname)%00%(upstream:track)%00%(upstream:remotename)%00%(upstream:remoteref) refs/heads/main refs/remotes/main [2ms]
2025-02-22 17:43:59.135 [info] > git for-each-ref --sort -committerdate --format %(refname) %(objectname) %(*objectname) [2ms]
2025-02-22 17:43:59.187 [info] > git status -z -uall [60ms]
2025-02-22 17:44:04.200 [info] > git config --get commit.template [4ms]
2025-02-22 17:44:04.206 [info] > git for-each-ref --format=%(refname)%00%(upstream:short)%00%(objectname)%00%(upstream:track)%00%(upstream:remotename)%00%(upstream:remoteref) refs/heads/main refs/remotes/main [2ms]
2025-02-22 17:44:04.219 [info] > git for-each-ref --sort -committerdate --format %(refname) %(objectname) %(*objectname) [2ms]
2025-02-22 17:44:04.265 [info] > git status -z -uall [51ms]
2025-02-22 17:44:21.844 [info] > git config --get commit.template [3ms]
2025-02-22 17:44:21.857 [info] > git for-each-ref --format=%(refname)%00%(upstream:short)%00%(objectname)%00%(upstream:track)%00%(upstream:remotename)%00%(upstream:remoteref) refs/heads/main refs/remotes/main [2ms]
2025-02-22 17:44:21.885 [info] > git for-each-ref --sort -committerdate --format %(refname) %(objectname) %(*objectname) [12ms]
2025-02-22 17:44:21.960 [info] > git status -z -uall [93ms]
