2025-02-19 21:12:15.711 [info] [main] Log level: Info
2025-02-19 21:12:15.711 [info] [main] Validating found git in: "git"
2025-02-19 21:12:15.711 [info] [main] Using git "2.43.0" from "git"
2025-02-19 21:12:15.711 [info] [Model][doInitialScan] Initial repository scan started
2025-02-19 21:12:15.744 [info] > git rev-parse --show-toplevel [19ms]
2025-02-19 21:12:15.744 [info] fatal: not a git repository (or any of the parent directories): .git
2025-02-19 21:12:15.761 [info] > git rev-parse --show-toplevel [10ms]
2025-02-19 21:12:15.761 [info] fatal: not a git repository (or any of the parent directories): .git
2025-02-19 21:12:15.775 [info] > git rev-parse --show-toplevel [2ms]
2025-02-19 21:12:15.775 [info] fatal: not a git repository (or any of the parent directories): .git
2025-02-19 21:12:15.791 [info] > git rev-parse --show-toplevel [3ms]
2025-02-19 21:12:15.791 [info] fatal: not a git repository (or any of the parent directories): .git
2025-02-19 21:12:15.808 [info] > git rev-parse --show-toplevel [12ms]
2025-02-19 21:12:15.808 [info] fatal: not a git repository (or any of the parent directories): .git
2025-02-19 21:12:15.823 [info] > git rev-parse --show-toplevel [11ms]
2025-02-19 21:12:15.823 [info] fatal: not a git repository (or any of the parent directories): .git
2025-02-19 21:12:15.839 [info] > git rev-parse --show-toplevel [2ms]
2025-02-19 21:12:15.839 [info] fatal: not a git repository (or any of the parent directories): .git
2025-02-19 21:12:15.855 [info] > git rev-parse --show-toplevel [12ms]
2025-02-19 21:12:15.855 [info] fatal: not a git repository (or any of the parent directories): .git
2025-02-19 21:12:15.873 [info] [Model][doInitialScan] Initial repository scan completed - repositories (0), closed repositories (0), parent repositories (0), unsafe repositories (0)
2025-02-19 21:12:20.676 [info] > git rev-parse --show-toplevel [13ms]
2025-02-19 21:12:20.677 [info] fatal: not a git repository (or any of the parent directories): .git
